Performing C SOURCE FILE Test CMAKE_HAVE_LIBC_PTHREAD failed with the following output:
Change Dir: /tmp/tmp.kok98ovvvk/cmake-build-hw1debug/CMakeFiles/CMakeTmp

Run Build Command(s):/usr/bin/gmake cmTC_9697e/fast && /usr/bin/gmake  -f CMakeFiles/cmTC_9697e.dir/build.make CMakeFiles/cmTC_9697e.dir/build
gmake[1]: Entering directory '/tmp/tmp.kok98ovvvk/cmake-build-hw1debug/CMakeFiles/CMakeTmp'
Building C object CMakeFiles/cmTC_9697e.dir/src.c.o
/usr/bin/cc   -DCMAKE_HAVE_LIBC_PTHREAD -o CMakeFiles/cmTC_9697e.dir/src.c.o -c /tmp/tmp.kok98ovvvk/cmake-build-hw1debug/CMakeFiles/CMakeTmp/src.c
Linking C executable cmTC_9697e
/usr/bin/cmake -E cmake_link_script CMakeFiles/cmTC_9697e.dir/link.txt --verbose=1
/usr/bin/cc  -DCMAKE_HAVE_LIBC_PTHREAD CMakeFiles/cmTC_9697e.dir/src.c.o -o cmTC_9697e 
/usr/bin/ld: CMakeFiles/cmTC_9697e.dir/src.c.o: in function `main':
src.c:(.text+0x2d): undefined reference to `pthread_create'
/usr/bin/ld: src.c:(.text+0x39): undefined reference to `pthread_detach'
/usr/bin/ld: src.c:(.text+0x45): undefined reference to `pthread_cancel'
/usr/bin/ld: src.c:(.text+0x56): undefined reference to `pthread_join'
collect2: error: ld returned 1 exit status
gmake[1]: *** [CMakeFiles/cmTC_9697e.dir/build.make:106: cmTC_9697e] Error 1
gmake[1]: Leaving directory '/tmp/tmp.kok98ovvvk/cmake-build-hw1debug/CMakeFiles/CMakeTmp'
gmake: *** [Makefile:140: cmTC_9697e/fast] Error 2


Source file was:
#include <pthread.h>

void* test_func(void* data)
{
  return data;
}

int main(void)
{
  pthread_t thread;
  pthread_create(&thread, NULL, test_func, NULL);
  pthread_detach(thread);
  pthread_cancel(thread);
  pthread_join(thread, NULL);
  pthread_atfork(NULL, NULL, NULL);
  pthread_exit(NULL);

  return 0;
}

Determining if the function pthread_create exists in the pthreads failed with the following output:
Change Dir: /tmp/tmp.kok98ovvvk/cmake-build-hw1debug/CMakeFiles/CMakeTmp

Run Build Command(s):/usr/bin/gmake cmTC_c86eb/fast && /usr/bin/gmake  -f CMakeFiles/cmTC_c86eb.dir/build.make CMakeFiles/cmTC_c86eb.dir/build
gmake[1]: Entering directory '/tmp/tmp.kok98ovvvk/cmake-build-hw1debug/CMakeFiles/CMakeTmp'
Building C object CMakeFiles/cmTC_c86eb.dir/CheckFunctionExists.c.o
/usr/bin/cc   -DCHECK_FUNCTION_EXISTS=pthread_create -o CMakeFiles/cmTC_c86eb.dir/CheckFunctionExists.c.o -c /usr/share/cmake-3.18/Modules/CheckFunctionExists.c
Linking C executable cmTC_c86eb
/usr/bin/cmake -E cmake_link_script CMakeFiles/cmTC_c86eb.dir/link.txt --verbose=1
/usr/bin/cc  -DCHECK_FUNCTION_EXISTS=pthread_create CMakeFiles/cmTC_c86eb.dir/CheckFunctionExists.c.o -o cmTC_c86eb  -lpthreads 
/usr/bin/ld: cannot find -lpthreads
collect2: error: ld returned 1 exit status
gmake[1]: *** [CMakeFiles/cmTC_c86eb.dir/build.make:106: cmTC_c86eb] Error 1
gmake[1]: Leaving directory '/tmp/tmp.kok98ovvvk/cmake-build-hw1debug/CMakeFiles/CMakeTmp'
gmake: *** [Makefile:140: cmTC_c86eb/fast] Error 2



